<?xml version="1.0" encoding="UTF-8"?>
<testsuites>
  <testsuite name="" tests="6" assertions="7" errors="1" warnings="0" failures="0" skipped="0" time="0.621503">
    <testsuite name="App" tests="6" assertions="7" errors="1" warnings="0" failures="0" skipped="0" time="0.621503">
      <testsuite name="App\ShieldTest" file="C:\Users\sumed\Desktop\Tests\azeera\project-root\tests\app\ShieldTest.php" tests="1" assertions="0" errors="1" warnings="0" failures="0" skipped="0" time="0.396073">
        <testcase name="testLogin" class="App\ShieldTest" classname="App.ShieldTest" file="C:\Users\sumed\Desktop\Tests\azeera\project-root\tests\app\ShieldTest.php" line="17" assertions="0" time="0.396073">
          <error type="CodeIgniter\Database\Exceptions\DatabaseException">App\ShieldTest::testLogin
CodeIgniter\Database\Exceptions\DatabaseException: Table 'azeera.users' doesn't exist

C:\Users\sumed\Desktop\Tests\azeera\project-root\vendor\codeigniter4\framework\system\Database\BaseConnection.php:647
C:\Users\sumed\Desktop\Tests\azeera\project-root\vendor\codeigniter4\framework\system\Database\BaseBuilder.php:1616
C:\Users\sumed\Desktop\Tests\azeera\project-root\vendor\codeigniter4\framework\system\Model.php:199
C:\Users\sumed\Desktop\Tests\azeera\project-root\vendor\codeigniter4\framework\system\BaseModel.php:577
C:\Users\sumed\Desktop\Tests\azeera\project-root\vendor\codeigniter4\shield\src\Models\UserModel.php:180
C:\Users\sumed\Desktop\Tests\azeera\project-root\tests\app\ShieldTest.php:21</error>
        </testcase>
      </testsuite>
      <testsuite name="ExampleDatabaseTest" file="C:\Users\sumed\Desktop\Tests\azeera\project-root\tests\database\ExampleDatabaseTest.php" tests="2" assertions="3" errors="0" warnings="0" failures="0" skipped="0" time="0.216672">
        <testcase name="testModelFindAll" class="ExampleDatabaseTest" classname="ExampleDatabaseTest" file="C:\Users\sumed\Desktop\Tests\azeera\project-root\tests\database\ExampleDatabaseTest.php" line="17" assertions="1" time="0.123800"/>
        <testcase name="testSoftDeleteLeavesRow" class="ExampleDatabaseTest" classname="ExampleDatabaseTest" file="C:\Users\sumed\Desktop\Tests\azeera\project-root\tests\database\ExampleDatabaseTest.php" line="28" assertions="2" time="0.092872"/>
      </testsuite>
      <testsuite name="ExampleSessionTest" file="C:\Users\sumed\Desktop\Tests\azeera\project-root\tests\session\ExampleSessionTest.php" tests="1" assertions="1" errors="0" warnings="0" failures="0" skipped="0" time="0.001633">
        <testcase name="testSessionSimple" class="ExampleSessionTest" classname="ExampleSessionTest" file="C:\Users\sumed\Desktop\Tests\azeera\project-root\tests\session\ExampleSessionTest.php" line="11" assertions="1" time="0.001633"/>
      </testsuite>
      <testsuite name="HealthTest" file="C:\Users\sumed\Desktop\Tests\azeera\project-root\tests\unit\HealthTest.php" tests="2" assertions="3" errors="0" warnings="0" failures="0" skipped="0" time="0.007125">
        <testcase name="testIsDefinedAppPath" class="HealthTest" classname="HealthTest" file="C:\Users\sumed\Desktop\Tests\azeera\project-root\tests\unit\HealthTest.php" line="13" assertions="1" time="0.002698"/>
        <testcase name="testBaseUrlHasBeenSet" class="HealthTest" classname="HealthTest" file="C:\Users\sumed\Desktop\Tests\azeera\project-root\tests\unit\HealthTest.php" line="18" assertions="2" time="0.004427"/>
      </testsuite>
    </testsuite>
  </testsuite>
</testsuites>
